<?xml version="1.0" encoding="UTF-8"?>
<!-- Generated by org.testng.reporters.JUnitReportReporter -->
<testsuite skipped="0" hostname="DESKTOP-5GU4J3U" name="runner.TestRunner" tests="1" failures="0" timestamp="06 Mar 2019 17:35:13 GMT" time="14.886" errors="0">
  <testcase name="runScenario" time="14.886" classname="runner.TestRunner"/>
</testsuite> <!-- runner.TestRunner -->
